{
  "stats": {
    "suites": 1,
    "tests": 1,
    "passes": 0,
    "pending": 0,
    "failures": 1,
    "start": "2024-11-30T18:56:19.445Z",
    "end": "2024-11-30T18:56:43.589Z",
    "duration": 24144,
    "testsRegistered": 1,
    "passPercent": 0,
    "pendingPercent": 0,
    "other": 0,
    "hasOther": false,
    "skipped": 0,
    "hasSkipped": false
  },
  "results": [
    {
      "uuid": "09492452-4f33-4388-8888-bb0aa43ac4d2",
      "title": "",
      "fullFile": "cypress\\e2e\\class3\\addToWishList.cy.js",
      "file": "cypress\\e2e\\class3\\addToWishList.cy.js",
      "beforeHooks": [],
      "afterHooks": [],
      "tests": [],
      "suites": [
        {
          "uuid": "a61254df-3ad0-455d-9790-6a971a8d6b04",
          "title": "validate that the user can add the product to the wishlist and take a screenshot for the full page after adding the product to wishlist .",
          "fullFile": "",
          "file": "",
          "beforeHooks": [],
          "afterHooks": [],
          "tests": [
            {
              "title": "Validate that the user can add the product to the wishlist",
              "fullTitle": "validate that the user can add the product to the wishlist and take a screenshot for the full page after adding the product to wishlist . Validate that the user can add the product to the wishlist",
              "timedOut": null,
              "duration": 23936,
              "state": "failed",
              "speed": null,
              "pass": false,
              "fail": true,
              "pending": false,
              "context": null,
              "code": "cy.visit(\"/\");\ncy.get(\"#search\").clear().type(\"bag{enter}\");\ncy.get(\".product-image-photo\").first().click();\ncy.contains(\"Add to Compare\").click();\ncy.get(\".success.message\").should(\"contain\", \"You added product Push It Messenger Bag to the comparison list\");",
              "err": {
                "message": "AssertionError: Timed out retrying after 4000ms: Expected to find element: `.success.message`, but never found it.",
                "estack": "AssertionError: Timed out retrying after 4000ms: Expected to find element: `.success.message`, but never found it.\n    at Context.eval (webpack://class-1/./cypress/e2e/class3/addToWishList.cy.js:26:35)",
                "diff": null
              },
              "uuid": "6052f0b0-df63-42ab-89f2-7e6e08304a83",
              "parentUUID": "a61254df-3ad0-455d-9790-6a971a8d6b04",
              "isHook": false,
              "skipped": false
            }
          ],
          "suites": [],
          "passes": [],
          "failures": [
            "6052f0b0-df63-42ab-89f2-7e6e08304a83"
          ],
          "pending": [],
          "skipped": [],
          "duration": 23936,
          "root": false,
          "rootEmpty": false,
          "_timeout": 2000
        }
      ],
      "passes": [],
      "failures": [],
      "pending": [],
      "skipped": [],
      "duration": 0,
      "root": true,
      "rootEmpty": true,
      "_timeout": 2000
    }
  ],
  "meta": {
    "mocha": {
      "version": "7.0.1"
    },
    "mochawesome": {
      "options": {
        "quiet": false,
        "reportFilename": "mochawesome",
        "saveHtml": true,
        "saveJson": true,
        "consoleReporter": "spec",
        "useInlineDiffs": false,
        "code": true
      },
      "version": "7.1.3"
    },
    "marge": {
      "options": {
        "reportDir": "cypress/myReporter",
        "overwrite": false,
        "html": true,
        "JSON": false,
        "timestamp": "mmddyyy-HHMMss"
      },
      "version": "6.2.0"
    }
  }
}