{
  "stats": {
    "suites": 1,
    "tests": 1,
    "passes": 1,
    "pending": 0,
    "failures": 0,
    "start": "2024-12-11T16:55:05.949Z",
    "end": "2024-12-11T16:55:32.476Z",
    "duration": 26527,
    "testsRegistered": 1,
    "passPercent": 100,
    "pendingPercent": 0,
    "other": 0,
    "hasOther": false,
    "skipped": 0,
    "hasSkipped": false
  },
  "results": [
    {
      "uuid": "04477bfd-e594-44a4-98f9-17828e7efd53",
      "title": "",
      "fullFile": "cypress\\e2e\\class1\\cucumber\\Tests\\getProductsOver55Test.feature",
      "file": "cypress\\e2e\\class1\\cucumber\\Tests\\getProductsOver55Test.feature",
      "beforeHooks": [],
      "afterHooks": [],
      "tests": [],
      "suites": [
        {
          "uuid": "9b9aa328-5914-47a2-9cef-a5afaf27033e",
          "title": "Products prices",
          "fullFile": "",
          "file": "",
          "beforeHooks": [],
          "afterHooks": [],
          "tests": [
            {
              "title": "Return Products with price more than 50 $",
              "fullTitle": "Products prices Return Products with price more than 50 $",
              "timedOut": null,
              "duration": 25563,
              "state": "passed",
              "speed": "slow",
              "pass": true,
              "fail": false,
              "pending": false,
              "context": null,
              "code": "const state = window.testState;\nreturn cy\n  .then(() => state.onStartScenario(scenario, indexedSteps))\n  .then(() =>\n    resolveAndRunBeforeHooks.call(this, scenario.tags, state.feature.name)\n  )\n  .then(() =>\n    indexedSteps.forEach((step) =>\n      stepTest.call(this, state, step, rowData)\n    )\n  )\n  .then(() => state.onFinishScenario(scenario));",
              "err": {},
              "uuid": "ec183a8f-ee50-44ef-a011-95e4d09a5adb",
              "parentUUID": "9b9aa328-5914-47a2-9cef-a5afaf27033e",
              "isHook": false,
              "skipped": false
            }
          ],
          "suites": [],
          "passes": [
            "ec183a8f-ee50-44ef-a011-95e4d09a5adb"
          ],
          "failures": [],
          "pending": [],
          "skipped": [],
          "duration": 25563,
          "root": false,
          "rootEmpty": false,
          "_timeout": 2000
        }
      ],
      "passes": [],
      "failures": [],
      "pending": [],
      "skipped": [],
      "duration": 0,
      "root": true,
      "rootEmpty": true,
      "_timeout": 2000
    }
  ],
  "meta": {
    "mocha": {
      "version": "7.0.1"
    },
    "mochawesome": {
      "options": {
        "quiet": false,
        "reportFilename": "mochawesome",
        "saveHtml": true,
        "saveJson": true,
        "consoleReporter": "spec",
        "useInlineDiffs": false,
        "code": true
      },
      "version": "7.1.3"
    },
    "marge": {
      "options": {
        "reportDir": "cypress/myReporter",
        "overwrite": false,
        "html": true,
        "JSON": false,
        "timestamp": "mmddyyy-HHMMss"
      },
      "version": "6.2.0"
    }
  }
}